

Started GET "/" for 127.0.0.1 at Tue Mar 29 18:42:36 -0700 2011
  Processing by WelcomeController#index as HTML
Rendered welcome/index.html.erb within layouts/application (1.8ms)
Completed 200 OK in 12ms (Views: 11.2ms | ActiveRecord: 0.0ms)


Started GET "/" for 127.0.0.1 at Tue Mar 29 18:42:37 -0700 2011
  Processing by WelcomeController#index as HTML
Rendered welcome/index.html.erb within layouts/application (2.4ms)
Completed 200 OK in 36ms (Views: 35.4ms | ActiveRecord: 0.0ms)


Started GET "/" for 127.0.0.1 at Tue Mar 29 18:46:45 -0700 2011
  Processing by WelcomeController#index as HTML
Rendered welcome/index.html.erb within layouts/application (1.8ms)
Completed 200 OK in 11ms (Views: 10.2ms | ActiveRecord: 0.0ms)


Started GET "/" for 127.0.0.1 at Tue Mar 29 19:26:05 -0700 2011
  Processing by WelcomeController#index as HTML
Rendered welcome/index.html.erb within layouts/application (77.8ms)
Completed   in 88ms

ActionView::Template::Error (No route matches {:action=>"show", :controller=>"clients"}):
    1: <h1>Welcome#index</h1>
    2: <p>Find me in app/views/welcome/index.html.erb</p>
    3: <% link_to "Demo Application", client_path %>
  app/views/welcome/index.html.erb:3:in `_app_views_welcome_index_html_erb__863517719_2179086540_0'

Rendered /Library/Ruby/Gems/1.8/gems/actionpack-3.0.4/lib/action_dispatch/middleware/templates/rescues/_trace.erb (2.0ms)
Rendered /Library/Ruby/Gems/1.8/gems/actionpack-3.0.4/lib/action_dispatch/middleware/templates/rescues/_request_and_response.erb (7.0ms)
Rendered /Library/Ruby/Gems/1.8/gems/actionpack-3.0.4/lib/action_dispatch/middleware/templates/rescues/template_error.erb within rescues/layout (17.7ms)


Started GET "/" for 127.0.0.1 at Tue Mar 29 19:26:19 -0700 2011
  Processing by WelcomeController#index as HTML
Rendered welcome/index.html.erb within layouts/application (3.0ms)
Completed 200 OK in 12ms (Views: 11.7ms | ActiveRecord: 0.0ms)


Started GET "/" for 127.0.0.1 at Tue Mar 29 19:26:46 -0700 2011
  Processing by WelcomeController#index as HTML
Rendered welcome/index.html.erb within layouts/application (2.3ms)
Completed 200 OK in 11ms (Views: 10.5ms | ActiveRecord: 0.0ms)


Started GET "/clients" for 127.0.0.1 at Tue Mar 29 19:26:48 -0700 2011
  Processing by ClientsController#index as HTML
  [1m[36mClient Load (6.5ms)[0m  [1mSELECT "clients".* FROM "clients"[0m
SQLite3::SQLException: no such table: clients: SELECT "clients".* FROM "clients"
Completed   in 68ms

ActiveRecord::StatementInvalid (SQLite3::SQLException: no such table: clients: SELECT "clients".* FROM "clients"):
  app/controllers/clients_controller.rb:5:in `index'

Rendered /Library/Ruby/Gems/1.8/gems/actionpack-3.0.4/lib/action_dispatch/middleware/templates/rescues/_trace.erb (1.4ms)
Rendered /Library/Ruby/Gems/1.8/gems/actionpack-3.0.4/lib/action_dispatch/middleware/templates/rescues/_request_and_response.erb (5.8ms)
Rendered /Library/Ruby/Gems/1.8/gems/actionpack-3.0.4/lib/action_dispatch/middleware/templates/rescues/diagnostics.erb within rescues/layout (13.9ms)


Started GET "/clients" for 127.0.0.1 at Tue Mar 29 19:41:44 -0700 2011
  Processing by ClientsController#index as HTML
  [1m[35mClient Load (0.4ms)[0m  SELECT "clients".* FROM "clients"
SQLite3::SQLException: no such table: clients: SELECT "clients".* FROM "clients"
Completed   in 11ms

ActiveRecord::StatementInvalid (SQLite3::SQLException: no such table: clients: SELECT "clients".* FROM "clients"):
  app/controllers/clients_controller.rb:5:in `index'

Rendered /Library/Ruby/Gems/1.8/gems/actionpack-3.0.4/lib/action_dispatch/middleware/templates/rescues/_trace.erb (1.3ms)
Rendered /Library/Ruby/Gems/1.8/gems/actionpack-3.0.4/lib/action_dispatch/middleware/templates/rescues/_request_and_response.erb (5.6ms)
Rendered /Library/Ruby/Gems/1.8/gems/actionpack-3.0.4/lib/action_dispatch/middleware/templates/rescues/diagnostics.erb within rescues/layout (13.6ms)


Started GET "/clients" for 127.0.0.1 at Tue Mar 29 19:42:09 -0700 2011
  Processing by ClientsController#index as HTML
  [1m[36mClient Load (0.4ms)[0m  [1mSELECT "clients".* FROM "clients"[0m
SQLite3::SQLException: no such table: clients: SELECT "clients".* FROM "clients"
Completed   in 12ms

ActiveRecord::StatementInvalid (SQLite3::SQLException: no such table: clients: SELECT "clients".* FROM "clients"):
  app/controllers/clients_controller.rb:5:in `index'

Rendered /Library/Ruby/Gems/1.8/gems/actionpack-3.0.4/lib/action_dispatch/middleware/templates/rescues/_trace.erb (1.4ms)
Rendered /Library/Ruby/Gems/1.8/gems/actionpack-3.0.4/lib/action_dispatch/middleware/templates/rescues/_request_and_response.erb (6.1ms)
Rendered /Library/Ruby/Gems/1.8/gems/actionpack-3.0.4/lib/action_dispatch/middleware/templates/rescues/diagnostics.erb within rescues/layout (13.4ms)


Started GET "/" for 127.0.0.1 at Tue Mar 29 19:42:34 -0700 2011
  Processing by WelcomeController#index as HTML
Rendered welcome/index.html.erb within layouts/application (2.2ms)
Completed 200 OK in 11ms (Views: 10.2ms | ActiveRecord: 0.0ms)


Started GET "/clients" for 127.0.0.1 at Tue Mar 29 19:42:37 -0700 2011
  Processing by ClientsController#index as HTML
  [1m[35mClient Load (0.4ms)[0m  SELECT "clients".* FROM "clients"
SQLite3::SQLException: no such table: clients: SELECT "clients".* FROM "clients"
Completed   in 11ms

ActiveRecord::StatementInvalid (SQLite3::SQLException: no such table: clients: SELECT "clients".* FROM "clients"):
  app/controllers/clients_controller.rb:5:in `index'

Rendered /Library/Ruby/Gems/1.8/gems/actionpack-3.0.4/lib/action_dispatch/middleware/templates/rescues/_trace.erb (1.3ms)
Rendered /Library/Ruby/Gems/1.8/gems/actionpack-3.0.4/lib/action_dispatch/middleware/templates/rescues/_request_and_response.erb (5.7ms)
Rendered /Library/Ruby/Gems/1.8/gems/actionpack-3.0.4/lib/action_dispatch/middleware/templates/rescues/diagnostics.erb within rescues/layout (12.8ms)
  [1m[36mSQL (1.9ms)[0m  [1m SELECT name
 FROM sqlite_master
 WHERE type = 'table' AND NOT name = 'sqlite_sequence'
[0m
  [1m[35mSQL (0.2ms)[0m  select sqlite_version(*)
  [1m[36mSQL (4.2ms)[0m  [1mCREATE TABLE "schema_migrations" ("version" varchar(255) NOT NULL) [0m
  [1m[35mSQL (1.6ms)[0m  PRAGMA index_list("schema_migrations")
  [1m[36mSQL (2.7ms)[0m  [1mCREATE UNIQUE INDEX "unique_schema_migrations" ON "schema_migrations" ("version")[0m
  [1m[35mSQL (0.2ms)[0m   SELECT name
 FROM sqlite_master
 WHERE type = 'table' AND NOT name = 'sqlite_sequence'
  [1m[36mSQL (0.2ms)[0m  [1m SELECT name
 FROM sqlite_master
 WHERE type = 'table' AND NOT name = 'sqlite_sequence'
[0m
  [1m[35mSQL (0.1ms)[0m  SELECT "schema_migrations"."version" FROM "schema_migrations"
Migrating to CreateModelImages (20110226192144)
  [1m[36mSQL (0.6ms)[0m  [1mCREATE TABLE "model_images" ("id" INTEGER PRIMARY KEY AUTOINCREMENT NOT NULL, "image_url" varchar(255) NOT NULL, "gender" varchar(255) NOT NULL, "created_at" datetime, "updated_at" datetime) [0m
  [1m[35mSQL (0.1ms)[0m  PRAGMA index_list("model_images")
  [1m[36mSQL (0.2ms)[0m  [1mCREATE INDEX "index_model_images_on_image_url" ON "model_images" ("image_url")[0m
  [1m[35mSQL (0.1ms)[0m  PRAGMA index_list("model_images")
  [1m[36mSQL (0.1ms)[0m  [1mPRAGMA index_info('index_model_images_on_image_url')[0m
  [1m[35mSQL (0.2ms)[0m  CREATE INDEX "index_model_images_on_gender" ON "model_images" ("gender")
  [1m[36mSQL (0.1ms)[0m  [1mINSERT INTO "schema_migrations" ("version") VALUES ('20110226192144')[0m
Migrating to CreateEyeGlasses (20110226192619)
  [1m[35mSQL (0.6ms)[0m  CREATE TABLE "eye_glasses" ("id" INTEGER PRIMARY KEY AUTOINCREMENT NOT NULL, "name" varchar(255) NOT NULL, "material" varchar(255) NOT NULL, "color" varchar(255) NOT NULL, "shape" varchar(255) NOT NULL, "price" decimal(6,2) NOT NULL, "who_can_wear" varchar(255) NOT NULL, "image_url" varchar(255) NOT NULL, "frame_url" varchar(255) NOT NULL, "created_at" datetime, "updated_at" datetime) 
  [1m[36mSQL (0.1ms)[0m  [1mPRAGMA index_list("eye_glasses")[0m
  [1m[35mSQL (0.2ms)[0m  CREATE INDEX "index_eye_glasses_on_id" ON "eye_glasses" ("id")
  [1m[36mSQL (0.1ms)[0m  [1mPRAGMA index_list("eye_glasses")[0m
  [1m[35mSQL (0.1ms)[0m  PRAGMA index_info('index_eye_glasses_on_id')
  [1m[36mSQL (0.2ms)[0m  [1mCREATE INDEX "index_eye_glasses_on_name" ON "eye_glasses" ("name")[0m
  [1m[35mSQL (0.1ms)[0m  PRAGMA index_list("eye_glasses")
  [1m[36mSQL (0.1ms)[0m  [1mPRAGMA index_info('index_eye_glasses_on_name')[0m
  [1m[35mSQL (0.1ms)[0m  PRAGMA index_info('index_eye_glasses_on_id')
  [1m[36mSQL (0.2ms)[0m  [1mCREATE INDEX "index_eye_glasses_on_material" ON "eye_glasses" ("material")[0m
  [1m[35mSQL (0.1ms)[0m  PRAGMA index_list("eye_glasses")
  [1m[36mSQL (0.1ms)[0m  [1mPRAGMA index_info('index_eye_glasses_on_material')[0m
  [1m[35mSQL (0.1ms)[0m  PRAGMA index_info('index_eye_glasses_on_name')
  [1m[36mSQL (0.1ms)[0m  [1mPRAGMA index_info('index_eye_glasses_on_id')[0m
  [1m[35mSQL (0.2ms)[0m  CREATE INDEX "index_eye_glasses_on_color" ON "eye_glasses" ("color")
  [1m[36mSQL (0.1ms)[0m  [1mPRAGMA index_list("eye_glasses")[0m
  [1m[35mSQL (0.1ms)[0m  PRAGMA index_info('index_eye_glasses_on_color')
  [1m[36mSQL (0.1ms)[0m  [1mPRAGMA index_info('index_eye_glasses_on_material')[0m
  [1m[35mSQL (0.1ms)[0m  PRAGMA index_info('index_eye_glasses_on_name')
  [1m[36mSQL (0.1ms)[0m  [1mPRAGMA index_info('index_eye_glasses_on_id')[0m
  [1m[35mSQL (0.2ms)[0m  CREATE INDEX "index_eye_glasses_on_shape" ON "eye_glasses" ("shape")
  [1m[36mSQL (0.2ms)[0m  [1mPRAGMA index_list("eye_glasses")[0m
  [1m[35mSQL (0.1ms)[0m  PRAGMA index_info('index_eye_glasses_on_shape')
  [1m[36mSQL (0.1ms)[0m  [1mPRAGMA index_info('index_eye_glasses_on_color')[0m
  [1m[35mSQL (0.1ms)[0m  PRAGMA index_info('index_eye_glasses_on_material')
  [1m[36mSQL (0.1ms)[0m  [1mPRAGMA index_info('index_eye_glasses_on_name')[0m
  [1m[35mSQL (0.1ms)[0m  PRAGMA index_info('index_eye_glasses_on_id')
  [1m[36mSQL (0.2ms)[0m  [1mCREATE INDEX "index_eye_glasses_on_who_can_wear" ON "eye_glasses" ("who_can_wear")[0m
  [1m[35mSQL (0.2ms)[0m  PRAGMA index_list("eye_glasses")
  [1m[36mSQL (0.1ms)[0m  [1mPRAGMA index_info('index_eye_glasses_on_who_can_wear')[0m
  [1m[35mSQL (0.1ms)[0m  PRAGMA index_info('index_eye_glasses_on_shape')
  [1m[36mSQL (0.1ms)[0m  [1mPRAGMA index_info('index_eye_glasses_on_color')[0m
  [1m[35mSQL (0.7ms)[0m  PRAGMA index_info('index_eye_glasses_on_material')
  [1m[36mSQL (0.1ms)[0m  [1mPRAGMA index_info('index_eye_glasses_on_name')[0m
  [1m[35mSQL (0.1ms)[0m  PRAGMA index_info('index_eye_glasses_on_id')
  [1m[36mSQL (0.2ms)[0m  [1mCREATE INDEX "index_eye_glasses_on_image_url" ON "eye_glasses" ("image_url")[0m
  [1m[35mSQL (0.2ms)[0m  PRAGMA index_list("eye_glasses")
  [1m[36mSQL (0.1ms)[0m  [1mPRAGMA index_info('index_eye_glasses_on_image_url')[0m
  [1m[35mSQL (0.1ms)[0m  PRAGMA index_info('index_eye_glasses_on_who_can_wear')
  [1m[36mSQL (0.1ms)[0m  [1mPRAGMA index_info('index_eye_glasses_on_shape')[0m
  [1m[35mSQL (0.1ms)[0m  PRAGMA index_info('index_eye_glasses_on_color')
  [1m[36mSQL (0.1ms)[0m  [1mPRAGMA index_info('index_eye_glasses_on_material')[0m
  [1m[35mSQL (0.1ms)[0m  PRAGMA index_info('index_eye_glasses_on_name')
  [1m[36mSQL (0.1ms)[0m  [1mPRAGMA index_info('index_eye_glasses_on_id')[0m
  [1m[35mSQL (0.2ms)[0m  CREATE INDEX "index_eye_glasses_on_frame_url" ON "eye_glasses" ("frame_url")
  [1m[36mSQL (0.1ms)[0m  [1mINSERT INTO "schema_migrations" ("version") VALUES ('20110226192619')[0m
Migrating to CreateClients (20110226193439)
  [1m[35mSQL (0.7ms)[0m  CREATE TABLE "clients" ("id" INTEGER PRIMARY KEY AUTOINCREMENT NOT NULL, "user_name" varchar(255) NOT NULL, "gender" varchar(255) NOT NULL, "image_url" varchar(255), "frame_url" varchar(255), "created_at" datetime, "updated_at" datetime) 
  [1m[36mSQL (0.7ms)[0m  [1mINSERT INTO "schema_migrations" ("version") VALUES ('20110226193439')[0m
  [1m[35mSQL (0.3ms)[0m   SELECT name
 FROM sqlite_master
 WHERE type = 'table' AND NOT name = 'sqlite_sequence'
  [1m[36mSQL (0.2ms)[0m  [1mSELECT "schema_migrations"."version" FROM "schema_migrations"[0m
  [1m[35mSQL (0.2ms)[0m   SELECT name
 FROM sqlite_master
 WHERE type = 'table' AND NOT name = 'sqlite_sequence'
  [1m[36mSQL (0.0ms)[0m  [1mPRAGMA index_list("clients")[0m
  [1m[35mSQL (0.2ms)[0m  PRAGMA index_list("eye_glasses")
  [1m[36mSQL (0.1ms)[0m  [1mPRAGMA index_info('index_eye_glasses_on_frame_url')[0m
  [1m[35mSQL (0.1ms)[0m  PRAGMA index_info('index_eye_glasses_on_image_url')
  [1m[36mSQL (0.1ms)[0m  [1mPRAGMA index_info('index_eye_glasses_on_who_can_wear')[0m
  [1m[35mSQL (0.1ms)[0m  PRAGMA index_info('index_eye_glasses_on_shape')
  [1m[36mSQL (0.1ms)[0m  [1mPRAGMA index_info('index_eye_glasses_on_color')[0m
  [1m[35mSQL (0.1ms)[0m  PRAGMA index_info('index_eye_glasses_on_material')
  [1m[36mSQL (0.1ms)[0m  [1mPRAGMA index_info('index_eye_glasses_on_name')[0m
  [1m[35mSQL (0.1ms)[0m  PRAGMA index_info('index_eye_glasses_on_id')
  [1m[36mSQL (0.1ms)[0m  [1mPRAGMA index_list("model_images")[0m
  [1m[35mSQL (0.1ms)[0m  PRAGMA index_info('index_model_images_on_gender')
  [1m[36mSQL (0.1ms)[0m  [1mPRAGMA index_info('index_model_images_on_image_url')[0m


Started GET "/clients" for 127.0.0.1 at Tue Mar 29 19:43:22 -0700 2011
  Processing by ClientsController#index as HTML
  [1m[36mClient Load (1.1ms)[0m  [1mSELECT "clients".* FROM "clients"[0m
  [1m[35mEyeGlass Load (0.4ms)[0m  SELECT "eye_glasses".* FROM "eye_glasses"
Rendered clients/index.html.erb within layouts/application (10.0ms)
Completed 200 OK in 80ms (Views: 20.8ms | ActiveRecord: 1.6ms)


Started GET "/clients" for 127.0.0.1 at Tue Mar 29 19:43:23 -0700 2011
  Processing by ClientsController#index as 
  [1m[36mClient Load (0.4ms)[0m  [1mSELECT "clients".* FROM "clients"[0m
  [1m[35mEyeGlass Load (0.5ms)[0m  SELECT "eye_glasses".* FROM "eye_glasses"
Rendered clients/index.html.erb within layouts/application (8.4ms)
Completed 200 OK in 51ms (Views: 19.6ms | ActiveRecord: 0.9ms)


Started GET "/clients.json" for 127.0.0.1 at Tue Mar 29 19:43:26 -0700 2011
  Processing by ClientsController#index as JSON
  [1m[36mClient Load (0.8ms)[0m  [1mSELECT "clients".* FROM "clients"[0m
  [1m[35mEyeGlass Load (0.5ms)[0m  SELECT "eye_glasses".* FROM "eye_glasses"
Completed 200 OK in 38ms (Views: 3.6ms | ActiveRecord: 1.3ms)


Started GET "/clients.json" for 127.0.0.1 at Tue Mar 29 19:43:27 -0700 2011
  Processing by ClientsController#index as JSON
  [1m[36mClient Load (0.8ms)[0m  [1mSELECT "clients".* FROM "clients"[0m
  [1m[35mEyeGlass Load (0.4ms)[0m  SELECT "eye_glasses".* FROM "eye_glasses"
Completed 200 OK in 35ms (Views: 3.2ms | ActiveRecord: 1.3ms)


Started GET "/clients" for 127.0.0.1 at Tue Mar 29 19:44:46 -0700 2011
  Processing by ClientsController#index as HTML
  [1m[36mClient Load (0.9ms)[0m  [1mSELECT "clients".* FROM "clients"[0m
  [1m[35mEyeGlass Load (0.4ms)[0m  SELECT "eye_glasses".* FROM "eye_glasses"
Rendered clients/index.html.erb within layouts/application (7.8ms)
Completed 200 OK in 38ms (Views: 16.5ms | ActiveRecord: 1.3ms)


Started GET "/clients" for 127.0.0.1 at Tue Mar 29 19:44:46 -0700 2011
  Processing by ClientsController#index as 
  [1m[36mClient Load (0.9ms)[0m  [1mSELECT "clients".* FROM "clients"[0m
  [1m[35mEyeGlass Load (0.5ms)[0m  SELECT "eye_glasses".* FROM "eye_glasses"
Rendered clients/index.html.erb within layouts/application (8.4ms)
Completed 200 OK in 55ms (Views: 20.5ms | ActiveRecord: 1.4ms)


Started GET "/" for 127.0.0.1 at Tue Mar 29 19:44:51 -0700 2011
  Processing by WelcomeController#index as HTML
Rendered welcome/index.html.erb within layouts/application (2.4ms)
Completed 200 OK in 12ms (Views: 11.3ms | ActiveRecord: 0.0ms)


Started GET "/clients" for 127.0.0.1 at Tue Mar 29 19:44:55 -0700 2011
  Processing by ClientsController#index as HTML
  [1m[36mClient Load (0.8ms)[0m  [1mSELECT "clients".* FROM "clients"[0m
  [1m[35mEyeGlass Load (0.4ms)[0m  SELECT "eye_glasses".* FROM "eye_glasses"
Rendered clients/index.html.erb within layouts/application (7.7ms)
Completed 200 OK in 106ms (Views: 85.2ms | ActiveRecord: 1.3ms)


Started GET "/clients" for 127.0.0.1 at Tue Mar 29 19:44:56 -0700 2011
  Processing by ClientsController#index as 
  [1m[36mClient Load (0.9ms)[0m  [1mSELECT "clients".* FROM "clients"[0m
  [1m[35mEyeGlass Load (0.4ms)[0m  SELECT "eye_glasses".* FROM "eye_glasses"
Rendered clients/index.html.erb within layouts/application (8.7ms)
Completed 200 OK in 40ms (Views: 18.2ms | ActiveRecord: 1.3ms)


Started GET "/clients.json" for 127.0.0.1 at Tue Mar 29 19:44:58 -0700 2011
  Processing by ClientsController#index as JSON
  [1m[36mClient Load (0.8ms)[0m  [1mSELECT "clients".* FROM "clients"[0m
  [1m[35mEyeGlass Load (0.4ms)[0m  SELECT "eye_glasses".* FROM "eye_glasses"
Completed 200 OK in 33ms (Views: 3.3ms | ActiveRecord: 1.2ms)


Started GET "/clients.json" for 127.0.0.1 at Tue Mar 29 19:44:59 -0700 2011
  Processing by ClientsController#index as JSON
  [1m[36mClient Load (0.8ms)[0m  [1mSELECT "clients".* FROM "clients"[0m
  [1m[35mEyeGlass Load (0.4ms)[0m  SELECT "eye_glasses".* FROM "eye_glasses"
Completed 200 OK in 106ms (Views: 3.1ms | ActiveRecord: 1.3ms)


Started GET "/" for 127.0.0.1 at Tue Mar 29 20:59:53 -0700 2011
  Processing by WelcomeController#index as HTML
Rendered welcome/index.html.erb within layouts/application (2.2ms)
Completed 200 OK in 12ms (Views: 11.1ms | ActiveRecord: 0.0ms)


Started GET "/clients" for 127.0.0.1 at Tue Mar 29 21:00:03 -0700 2011
  Processing by ClientsController#index as HTML
  [1m[36mClient Load (1.1ms)[0m  [1mSELECT "clients".* FROM "clients"[0m
  [1m[35mEyeGlass Load (0.4ms)[0m  SELECT "eye_glasses".* FROM "eye_glasses"
Rendered clients/index.html.erb within layouts/application (9.4ms)
Completed 200 OK in 137ms (Views: 18.4ms | ActiveRecord: 1.6ms)


Started GET "/clients" for 127.0.0.1 at Tue Mar 29 21:00:03 -0700 2011
  Processing by ClientsController#index as 
  [1m[36mClient Load (0.8ms)[0m  [1mSELECT "clients".* FROM "clients"[0m
  [1m[35mEyeGlass Load (0.5ms)[0m  SELECT "eye_glasses".* FROM "eye_glasses"
Rendered clients/index.html.erb within layouts/application (8.1ms)
Completed 200 OK in 41ms (Views: 17.5ms | ActiveRecord: 1.3ms)


Started GET "/" for 127.0.0.1 at Tue Mar 29 21:00:51 -0700 2011
  Processing by WelcomeController#index as HTML
Rendered welcome/index.html.erb within layouts/application (2.3ms)
Completed 200 OK in 11ms (Views: 10.5ms | ActiveRecord: 0.0ms)


Started GET "/" for 127.0.0.1 at Tue Mar 29 21:02:51 -0700 2011
  Processing by WelcomeController#index as HTML
Rendered welcome/index.html.erb within layouts/application (2.8ms)
Completed 200 OK in 12ms (Views: 11.1ms | ActiveRecord: 0.0ms)


Started POST "/clients" for 127.0.0.1 at Tue Mar 29 21:02:53 -0700 2011
  Processing by ClientsController#create as HTML
  Parameters: {"authenticity_token"=>"PkxWaO03mNzEQdzf9lu/R5F184abq3Kl6FwmDDM1DXA="}
  [1m[36mSQL (0.3ms)[0m  [1m SELECT name
 FROM sqlite_master
 WHERE type = 'table' AND NOT name = 'sqlite_sequence'
[0m
  [1m[35mClient Load (0.1ms)[0m  SELECT "clients"."id" FROM "clients" WHERE ("clients"."user_name" IS NULL) LIMIT 1
Rendered clients/_form.html.erb (7.6ms)
Rendered clients/new.html.erb within layouts/application (12.9ms)
Completed 200 OK in 59ms (Views: 21.6ms | ActiveRecord: 0.4ms)


Started GET "/" for 127.0.0.1 at Tue Mar 29 21:03:04 -0700 2011
  Processing by WelcomeController#index as HTML
Rendered welcome/index.html.erb within layouts/application (2.8ms)
Completed 200 OK in 11ms (Views: 10.8ms | ActiveRecord: 0.0ms)


Started POST "/clients" for 127.0.0.1 at Tue Mar 29 21:03:07 -0700 2011
  Processing by ClientsController#create as HTML
  Parameters: {"authenticity_token"=>"PkxWaO03mNzEQdzf9lu/R5F184abq3Kl6FwmDDM1DXA="}
  [1m[36mClient Load (0.2ms)[0m  [1mSELECT "clients"."id" FROM "clients" WHERE ("clients"."user_name" IS NULL) LIMIT 1[0m
Rendered clients/_form.html.erb (7.3ms)
Rendered clients/new.html.erb within layouts/application (11.7ms)
Completed 200 OK in 41ms (Views: 19.6ms | ActiveRecord: 0.2ms)


Started GET "/" for 127.0.0.1 at Tue Mar 29 21:03:26 -0700 2011
  Processing by WelcomeController#index as HTML
Rendered welcome/index.html.erb within layouts/application (12.4ms)
Completed   in 21ms

ActionView::Template::Error (undefined local variable or method `clients_index_path' for #<#<Class:0x103a9ca78>:0x103a9ad40>):
    5: </tr><tr>
    6: <td><%= link_to 'Demo Application', clients_path %></td>
    7: </tr>
    8: <tr><td><%= button_to 'Application Demo', clients_index_path %></td></tr>
    9: </table>
  app/views/welcome/index.html.erb:8:in `_app_views_welcome_index_html_erb__863517719_2178206240_0'

Rendered /Library/Ruby/Gems/1.8/gems/actionpack-3.0.4/lib/action_dispatch/middleware/templates/rescues/_trace.erb (1.4ms)
Rendered /Library/Ruby/Gems/1.8/gems/actionpack-3.0.4/lib/action_dispatch/middleware/templates/rescues/_request_and_response.erb (5.9ms)
Rendered /Library/Ruby/Gems/1.8/gems/actionpack-3.0.4/lib/action_dispatch/middleware/templates/rescues/template_error.erb within rescues/layout (13.9ms)


Started GET "/" for 127.0.0.1 at Tue Mar 29 21:03:48 -0700 2011
  Processing by WelcomeController#index as HTML
Rendered welcome/index.html.erb within layouts/application (7.2ms)
Completed   in 16ms

ActionView::Template::Error (undefined local variable or method `clients_index_url' for #<#<Class:0x103c614d0>:0x103c5f888>):
    5: </tr><tr>
    6: <td><%= link_to 'Demo Application', clients_path %></td>
    7: </tr>
    8: <tr><td><%= button_to 'Application Demo', clients_index_url %></td></tr>
    9: </table>
  app/views/welcome/index.html.erb:8:in `_app_views_welcome_index_html_erb__863517719_2179132860_0'

Rendered /Library/Ruby/Gems/1.8/gems/actionpack-3.0.4/lib/action_dispatch/middleware/templates/rescues/_trace.erb (1.4ms)
Rendered /Library/Ruby/Gems/1.8/gems/actionpack-3.0.4/lib/action_dispatch/middleware/templates/rescues/_request_and_response.erb (5.9ms)
Rendered /Library/Ruby/Gems/1.8/gems/actionpack-3.0.4/lib/action_dispatch/middleware/templates/rescues/template_error.erb within rescues/layout (13.4ms)


Started GET "/" for 127.0.0.1 at Tue Mar 29 21:03:58 -0700 2011
  Processing by WelcomeController#index as HTML
Rendered welcome/index.html.erb within layouts/application (7.1ms)
Completed   in 16ms

ActionView::Template::Error (undefined local variable or method `client_index_url' for #<#<Class:0x103a9dd88>:0x103a9bda8>):
    5: </tr><tr>
    6: <td><%= link_to 'Demo Application', clients_path %></td>
    7: </tr>
    8: <tr><td><%= button_to 'Application Demo', client_index_url %></td></tr>
    9: </table>
  app/views/welcome/index.html.erb:8:in `_app_views_welcome_index_html_erb__863517719_2178208060_0'

Rendered /Library/Ruby/Gems/1.8/gems/actionpack-3.0.4/lib/action_dispatch/middleware/templates/rescues/_trace.erb (1.3ms)
Rendered /Library/Ruby/Gems/1.8/gems/actionpack-3.0.4/lib/action_dispatch/middleware/templates/rescues/_request_and_response.erb (5.6ms)
Rendered /Library/Ruby/Gems/1.8/gems/actionpack-3.0.4/lib/action_dispatch/middleware/templates/rescues/template_error.erb within rescues/layout (13.0ms)


Started GET "/" for 127.0.0.1 at Tue Mar 29 21:04:40 -0700 2011
  Processing by WelcomeController#index as HTML
Rendered welcome/index.html.erb within layouts/application (7.3ms)
Completed   in 16ms

ActionView::Template::Error (undefined local variable or method `clients_index' for #<#<Class:0x103d30b90>:0x103d2ef20>):
    5: </tr><tr>
    6: <td><%= link_to 'Demo Application', clients_path %></td>
    7: </tr>
    8: <tr><td><%= button_to 'Application Demo', clients_index %></td></tr>
    9: </table>
  app/views/welcome/index.html.erb:8:in `_app_views_welcome_index_html_erb__863517719_2179558160_0'

Rendered /Library/Ruby/Gems/1.8/gems/actionpack-3.0.4/lib/action_dispatch/middleware/templates/rescues/_trace.erb (1.3ms)
Rendered /Library/Ruby/Gems/1.8/gems/actionpack-3.0.4/lib/action_dispatch/middleware/templates/rescues/_request_and_response.erb (5.6ms)
Rendered /Library/Ruby/Gems/1.8/gems/actionpack-3.0.4/lib/action_dispatch/middleware/templates/rescues/template_error.erb within rescues/layout (12.9ms)


Started GET "/" for 127.0.0.1 at Tue Mar 29 21:04:54 -0700 2011
  Processing by WelcomeController#index as HTML
Rendered welcome/index.html.erb within layouts/application (2.6ms)
Completed 200 OK in 11ms (Views: 10.7ms | ActiveRecord: 0.0ms)


Started GET "/" for 127.0.0.1 at Tue Mar 29 21:07:22 -0700 2011
  Processing by WelcomeController#index as HTML
Rendered welcome/index.html.erb within layouts/application (2.2ms)
Completed 200 OK in 11ms (Views: 10.5ms | ActiveRecord: 0.0ms)


Started GET "/clients" for 127.0.0.1 at Tue Mar 29 21:07:26 -0700 2011
  Processing by ClientsController#index as HTML
  [1m[35mClient Load (0.8ms)[0m  SELECT "clients".* FROM "clients"
  [1m[36mEyeGlass Load (0.4ms)[0m  [1mSELECT "eye_glasses".* FROM "eye_glasses"[0m
Rendered clients/index.html.erb within layouts/application (7.5ms)
Completed 200 OK in 36ms (Views: 15.2ms | ActiveRecord: 1.2ms)


Started GET "/clients" for 127.0.0.1 at Tue Mar 29 21:07:26 -0700 2011
  Processing by ClientsController#index as 
  [1m[35mClient Load (0.8ms)[0m  SELECT "clients".* FROM "clients"
  [1m[36mEyeGlass Load (0.4ms)[0m  [1mSELECT "eye_glasses".* FROM "eye_glasses"[0m
Rendered clients/index.html.erb within layouts/application (7.5ms)
Completed 200 OK in 36ms (Views: 15.4ms | ActiveRecord: 1.2ms)


Started GET "/clients.json" for 127.0.0.1 at Tue Mar 29 21:07:28 -0700 2011
  Processing by ClientsController#index as JSON
  [1m[35mClient Load (0.8ms)[0m  SELECT "clients".* FROM "clients"
  [1m[36mEyeGlass Load (0.6ms)[0m  [1mSELECT "eye_glasses".* FROM "eye_glasses"[0m
Completed 200 OK in 114ms (Views: 3.9ms | ActiveRecord: 1.4ms)


Started GET "/clients.json" for 127.0.0.1 at Tue Mar 29 21:07:29 -0700 2011
  Processing by ClientsController#index as JSON
  [1m[35mClient Load (0.8ms)[0m  SELECT "clients".* FROM "clients"
  [1m[36mEyeGlass Load (0.5ms)[0m  [1mSELECT "eye_glasses".* FROM "eye_glasses"[0m
Completed 200 OK in 36ms (Views: 3.7ms | ActiveRecord: 1.3ms)


Started GET "/" for 127.0.0.1 at Tue Mar 29 21:19:06 -0700 2011
  Processing by WelcomeController#index as HTML
Rendered welcome/index.html.erb within layouts/application (2.2ms)
Completed 200 OK in 12ms (Views: 11.0ms | ActiveRecord: 0.0ms)


Started GET "/clients" for 127.0.0.1 at Tue Mar 29 21:19:08 -0700 2011
  Processing by ClientsController#index as HTML
  [1m[36mClient Load (1.1ms)[0m  [1mSELECT "clients".* FROM "clients"[0m
  [1m[35mEyeGlass Load (0.5ms)[0m  SELECT "eye_glasses".* FROM "eye_glasses"
Rendered clients/index.html.erb within layouts/application (9.3ms)
Completed 200 OK in 138ms (Views: 18.1ms | ActiveRecord: 1.6ms)


Started GET "/clients" for 127.0.0.1 at Tue Mar 29 21:19:09 -0700 2011
  Processing by ClientsController#index as 
  [1m[36mClient Load (0.8ms)[0m  [1mSELECT "clients".* FROM "clients"[0m
  [1m[35mEyeGlass Load (0.4ms)[0m  SELECT "eye_glasses".* FROM "eye_glasses"
Rendered clients/index.html.erb within layouts/application (15.2ms)
Completed 200 OK in 70ms (Views: 33.4ms | ActiveRecord: 1.3ms)


Started GET "/clients.json" for 127.0.0.1 at Tue Mar 29 21:19:10 -0700 2011
  Processing by ClientsController#index as JSON
  [1m[36mClient Load (0.9ms)[0m  [1mSELECT "clients".* FROM "clients"[0m
  [1m[35mEyeGlass Load (0.5ms)[0m  SELECT "eye_glasses".* FROM "eye_glasses"
Completed 200 OK in 39ms (Views: 3.6ms | ActiveRecord: 1.4ms)


Started GET "/clients.json" for 127.0.0.1 at Tue Mar 29 21:19:12 -0700 2011
  Processing by ClientsController#index as JSON
  [1m[36mClient Load (1.3ms)[0m  [1mSELECT "clients".* FROM "clients"[0m
  [1m[35mEyeGlass Load (0.5ms)[0m  SELECT "eye_glasses".* FROM "eye_glasses"
Completed 200 OK in 37ms (Views: 3.3ms | ActiveRecord: 1.8ms)


Started GET "/clients" for 127.0.0.1 at Tue Mar 29 21:19:13 -0700 2011
  Processing by ClientsController#index as 
  [1m[36mClient Load (0.9ms)[0m  [1mSELECT "clients".* FROM "clients"[0m
  [1m[35mEyeGlass Load (0.5ms)[0m  SELECT "eye_glasses".* FROM "eye_glasses"
Rendered clients/index.html.erb within layouts/application (7.5ms)
Completed 200 OK in 46ms (Views: 15.7ms | ActiveRecord: 1.4ms)


Started GET "/clients.json" for 127.0.0.1 at Tue Mar 29 21:19:13 -0700 2011
  Processing by ClientsController#index as JSON
  [1m[36mClient Load (0.8ms)[0m  [1mSELECT "clients".* FROM "clients"[0m
  [1m[35mEyeGlass Load (0.4ms)[0m  SELECT "eye_glasses".* FROM "eye_glasses"
Completed 200 OK in 109ms (Views: 3.2ms | ActiveRecord: 1.3ms)


Started GET "/clients.json" for 127.0.0.1 at Tue Mar 29 21:19:15 -0700 2011
  Processing by ClientsController#index as JSON
  [1m[36mClient Load (1.4ms)[0m  [1mSELECT "clients".* FROM "clients"[0m
  [1m[35mEyeGlass Load (0.4ms)[0m  SELECT "eye_glasses".* FROM "eye_glasses"
Completed 200 OK in 38ms (Views: 3.3ms | ActiveRecord: 1.9ms)


Started GET "/clients" for 127.0.0.1 at Tue Mar 29 21:19:15 -0700 2011
  Processing by ClientsController#index as 
  [1m[36mClient Load (0.8ms)[0m  [1mSELECT "clients".* FROM "clients"[0m
  [1m[35mEyeGlass Load (0.5ms)[0m  SELECT "eye_glasses".* FROM "eye_glasses"
Rendered clients/index.html.erb within layouts/application (8.7ms)
Completed 200 OK in 44ms (Views: 17.9ms | ActiveRecord: 1.3ms)


Started GET "/clients.json" for 127.0.0.1 at Tue Mar 29 21:19:16 -0700 2011
  Processing by ClientsController#index as JSON
  [1m[36mClient Load (0.9ms)[0m  [1mSELECT "clients".* FROM "clients"[0m
  [1m[35mEyeGlass Load (0.5ms)[0m  SELECT "eye_glasses".* FROM "eye_glasses"
Completed 200 OK in 114ms (Views: 3.5ms | ActiveRecord: 1.3ms)


Started GET "/clients.json" for 127.0.0.1 at Tue Mar 29 21:19:19 -0700 2011
  Processing by ClientsController#index as JSON
  [1m[36mClient Load (0.9ms)[0m  [1mSELECT "clients".* FROM "clients"[0m
  [1m[35mEyeGlass Load (0.4ms)[0m  SELECT "eye_glasses".* FROM "eye_glasses"
Completed 200 OK in 40ms (Views: 3.7ms | ActiveRecord: 1.3ms)


Started GET "/clients.json" for 127.0.0.1 at Tue Mar 29 21:19:20 -0700 2011
  Processing by ClientsController#index as JSON
  [1m[36mClient Load (0.8ms)[0m  [1mSELECT "clients".* FROM "clients"[0m
  [1m[35mEyeGlass Load (0.4ms)[0m  SELECT "eye_glasses".* FROM "eye_glasses"
Completed 200 OK in 104ms (Views: 3.3ms | ActiveRecord: 1.2ms)


Started GET "/clients.json" for 127.0.0.1 at Tue Mar 29 21:19:22 -0700 2011
  Processing by ClientsController#index as JSON
  [1m[36mClient Load (0.9ms)[0m  [1mSELECT "clients".* FROM "clients"[0m
  [1m[35mEyeGlass Load (0.4ms)[0m  SELECT "eye_glasses".* FROM "eye_glasses"
Completed 200 OK in 33ms (Views: 3.4ms | ActiveRecord: 1.3ms)


Started GET "/clients" for 127.0.0.1 at Tue Mar 29 21:19:22 -0700 2011
  Processing by ClientsController#index as 
  [1m[36mClient Load (0.9ms)[0m  [1mSELECT "clients".* FROM "clients"[0m
  [1m[35mEyeGlass Load (0.4ms)[0m  SELECT "eye_glasses".* FROM "eye_glasses"
Rendered clients/index.html.erb within layouts/application (7.6ms)
Completed 200 OK in 36ms (Views: 15.7ms | ActiveRecord: 1.3ms)


Started GET "/clients.json" for 127.0.0.1 at Tue Mar 29 21:19:25 -0700 2011
  Processing by ClientsController#index as JSON
  [1m[36mClient Load (0.8ms)[0m  [1mSELECT "clients".* FROM "clients"[0m
  [1m[35mEyeGlass Load (0.4ms)[0m  SELECT "eye_glasses".* FROM "eye_glasses"
Completed 200 OK in 103ms (Views: 3.3ms | ActiveRecord: 1.3ms)


Started GET "/clients.json" for 127.0.0.1 at Tue Mar 29 21:19:26 -0700 2011
  Processing by ClientsController#index as JSON
  [1m[36mClient Load (0.9ms)[0m  [1mSELECT "clients".* FROM "clients"[0m
  [1m[35mEyeGlass Load (0.4ms)[0m  SELECT "eye_glasses".* FROM "eye_glasses"
Completed 200 OK in 33ms (Views: 3.3ms | ActiveRecord: 1.3ms)


Started GET "/clients.json" for 127.0.0.1 at Tue Mar 29 21:19:27 -0700 2011
  Processing by ClientsController#index as JSON
  [1m[36mClient Load (0.8ms)[0m  [1mSELECT "clients".* FROM "clients"[0m
  [1m[35mEyeGlass Load (0.4ms)[0m  SELECT "eye_glasses".* FROM "eye_glasses"
Completed 200 OK in 32ms (Views: 3.3ms | ActiveRecord: 1.3ms)


Started GET "/clients.json" for 127.0.0.1 at Tue Mar 29 21:19:29 -0700 2011
  Processing by ClientsController#index as JSON
  [1m[36mClient Load (0.8ms)[0m  [1mSELECT "clients".* FROM "clients"[0m
  [1m[35mEyeGlass Load (0.4ms)[0m  SELECT "eye_glasses".* FROM "eye_glasses"
Completed 200 OK in 105ms (Views: 3.4ms | ActiveRecord: 1.3ms)


Started GET "/clients" for 127.0.0.1 at Tue Mar 29 21:19:30 -0700 2011
  Processing by ClientsController#index as 
  [1m[36mClient Load (0.8ms)[0m  [1mSELECT "clients".* FROM "clients"[0m
  [1m[35mEyeGlass Load (0.4ms)[0m  SELECT "eye_glasses".* FROM "eye_glasses"
Rendered clients/index.html.erb within layouts/application (7.8ms)
Completed 200 OK in 36ms (Views: 15.8ms | ActiveRecord: 1.3ms)


Started GET "/clients.json" for 127.0.0.1 at Tue Mar 29 21:19:31 -0700 2011
  Processing by ClientsController#index as JSON
  [1m[36mClient Load (0.9ms)[0m  [1mSELECT "clients".* FROM "clients"[0m
  [1m[35mEyeGlass Load (0.4ms)[0m  SELECT "eye_glasses".* FROM "eye_glasses"
Completed 200 OK in 34ms (Views: 3.3ms | ActiveRecord: 1.3ms)


Started GET "/clients.json" for 127.0.0.1 at Tue Mar 29 21:19:31 -0700 2011
  Processing by ClientsController#index as JSON
  [1m[36mClient Load (0.8ms)[0m  [1mSELECT "clients".* FROM "clients"[0m
  [1m[35mEyeGlass Load (0.6ms)[0m  SELECT "eye_glasses".* FROM "eye_glasses"
Completed 200 OK in 109ms (Views: 3.2ms | ActiveRecord: 1.4ms)


Started GET "/clients.json" for 127.0.0.1 at Tue Mar 29 21:19:32 -0700 2011
  Processing by ClientsController#index as JSON
  [1m[36mClient Load (0.8ms)[0m  [1mSELECT "clients".* FROM "clients"[0m
  [1m[35mEyeGlass Load (0.4ms)[0m  SELECT "eye_glasses".* FROM "eye_glasses"
Completed 200 OK in 32ms (Views: 3.3ms | ActiveRecord: 1.2ms)


Started GET "/clients.json" for 127.0.0.1 at Tue Mar 29 21:19:35 -0700 2011
  Processing by ClientsController#index as JSON
  [1m[36mClient Load (0.8ms)[0m  [1mSELECT "clients".* FROM "clients"[0m
  [1m[35mEyeGlass Load (0.4ms)[0m  SELECT "eye_glasses".* FROM "eye_glasses"
Completed 200 OK in 32ms (Views: 3.3ms | ActiveRecord: 1.2ms)


Started GET "/clients" for 127.0.0.1 at Tue Mar 29 21:19:35 -0700 2011
  Processing by ClientsController#index as 
  [1m[36mClient Load (0.8ms)[0m  [1mSELECT "clients".* FROM "clients"[0m
  [1m[35mEyeGlass Load (0.5ms)[0m  SELECT "eye_glasses".* FROM "eye_glasses"
Rendered clients/index.html.erb within layouts/application (8.0ms)
Completed 200 OK in 113ms (Views: 16.5ms | ActiveRecord: 1.3ms)


Started GET "/clients.json" for 127.0.0.1 at Tue Mar 29 21:19:38 -0700 2011
  Processing by ClientsController#index as JSON
  [1m[36mClient Load (0.9ms)[0m  [1mSELECT "clients".* FROM "clients"[0m
  [1m[35mEyeGlass Load (0.4ms)[0m  SELECT "eye_glasses".* FROM "eye_glasses"
Completed 200 OK in 33ms (Views: 3.6ms | ActiveRecord: 1.3ms)


Started GET "/clients" for 127.0.0.1 at Tue Mar 29 21:19:38 -0700 2011
  Processing by ClientsController#index as 
  [1m[36mClient Load (0.8ms)[0m  [1mSELECT "clients".* FROM "clients"[0m
  [1m[35mEyeGlass Load (0.4ms)[0m  SELECT "eye_glasses".* FROM "eye_glasses"
Rendered clients/index.html.erb within layouts/application (7.8ms)
Completed 200 OK in 40ms (Views: 16.1ms | ActiveRecord: 1.3ms)


Started GET "/clients.json" for 127.0.0.1 at Tue Mar 29 21:19:39 -0700 2011
  Processing by ClientsController#index as JSON
  [1m[36mClient Load (0.8ms)[0m  [1mSELECT "clients".* FROM "clients"[0m
  [1m[35mEyeGlass Load (0.4ms)[0m  SELECT "eye_glasses".* FROM "eye_glasses"
Completed 200 OK in 32ms (Views: 3.2ms | ActiveRecord: 1.2ms)


Started GET "/clients.json" for 127.0.0.1 at Tue Mar 29 21:19:43 -0700 2011
  Processing by ClientsController#index as JSON
  [1m[36mClient Load (0.8ms)[0m  [1mSELECT "clients".* FROM "clients"[0m
  [1m[35mEyeGlass Load (0.4ms)[0m  SELECT "eye_glasses".* FROM "eye_glasses"
Completed 200 OK in 33ms (Views: 3.3ms | ActiveRecord: 1.2ms)


Started GET "/clients" for 127.0.0.1 at Tue Mar 29 21:19:43 -0700 2011
  Processing by ClientsController#index as 
  [1m[36mClient Load (0.8ms)[0m  [1mSELECT "clients".* FROM "clients"[0m
  [1m[35mEyeGlass Load (0.4ms)[0m  SELECT "eye_glasses".* FROM "eye_glasses"
Rendered clients/index.html.erb within layouts/application (76.9ms)
Completed 200 OK in 105ms (Views: 84.7ms | ActiveRecord: 1.3ms)


Started GET "/clients.json" for 127.0.0.1 at Tue Mar 29 21:19:45 -0700 2011
  Processing by ClientsController#index as JSON
  [1m[36mClient Load (0.8ms)[0m  [1mSELECT "clients".* FROM "clients"[0m
  [1m[35mEyeGlass Load (0.4ms)[0m  SELECT "eye_glasses".* FROM "eye_glasses"
Completed 200 OK in 32ms (Views: 3.3ms | ActiveRecord: 1.3ms)


Started GET "/clients.json" for 127.0.0.1 at Tue Mar 29 21:19:46 -0700 2011
  Processing by ClientsController#index as JSON
  [1m[36mClient Load (0.8ms)[0m  [1mSELECT "clients".* FROM "clients"[0m
  [1m[35mEyeGlass Load (0.4ms)[0m  SELECT "eye_glasses".* FROM "eye_glasses"
Completed 200 OK in 32ms (Views: 3.2ms | ActiveRecord: 1.2ms)


Started GET "/clients.json" for 127.0.0.1 at Tue Mar 29 21:19:50 -0700 2011
  Processing by ClientsController#index as JSON
  [1m[36mClient Load (0.8ms)[0m  [1mSELECT "clients".* FROM "clients"[0m
  [1m[35mEyeGlass Load (0.5ms)[0m  SELECT "eye_glasses".* FROM "eye_glasses"
Completed 200 OK in 103ms (Views: 3.3ms | ActiveRecord: 1.3ms)


Started GET "/clients" for 127.0.0.1 at Tue Mar 29 21:19:50 -0700 2011
  Processing by ClientsController#index as 
  [1m[36mClient Load (0.8ms)[0m  [1mSELECT "clients".* FROM "clients"[0m
  [1m[35mEyeGlass Load (0.4ms)[0m  SELECT "eye_glasses".* FROM "eye_glasses"
Rendered clients/index.html.erb within layouts/application (7.9ms)
Completed 200 OK in 38ms (Views: 17.4ms | ActiveRecord: 1.2ms)


Started GET "/clients.json" for 127.0.0.1 at Tue Mar 29 21:19:51 -0700 2011
  Processing by ClientsController#index as JSON
  [1m[36mClient Load (0.8ms)[0m  [1mSELECT "clients".* FROM "clients"[0m
  [1m[35mEyeGlass Load (0.5ms)[0m  SELECT "eye_glasses".* FROM "eye_glasses"
Completed 200 OK in 34ms (Views: 3.2ms | ActiveRecord: 1.3ms)


Started GET "/clients.json" for 127.0.0.1 at Tue Mar 29 21:19:55 -0700 2011
  Processing by ClientsController#index as JSON
  [1m[36mClient Load (0.8ms)[0m  [1mSELECT "clients".* FROM "clients"[0m
  [1m[35mEyeGlass Load (0.4ms)[0m  SELECT "eye_glasses".* FROM "eye_glasses"
Completed 200 OK in 106ms (Views: 3.3ms | ActiveRecord: 1.3ms)


Started GET "/clients" for 127.0.0.1 at Tue Mar 29 21:19:56 -0700 2011
  Processing by ClientsController#index as 
  [1m[36mClient Load (0.9ms)[0m  [1mSELECT "clients".* FROM "clients"[0m
  [1m[35mEyeGlass Load (0.4ms)[0m  SELECT "eye_glasses".* FROM "eye_glasses"
Rendered clients/index.html.erb within layouts/application (8.3ms)
Completed 200 OK in 38ms (Views: 17.0ms | ActiveRecord: 1.3ms)


Started GET "/clients.json" for 127.0.0.1 at Tue Mar 29 21:19:57 -0700 2011
  Processing by ClientsController#index as JSON
  [1m[36mClient Load (0.9ms)[0m  [1mSELECT "clients".* FROM "clients"[0m
  [1m[35mEyeGlass Load (0.4ms)[0m  SELECT "eye_glasses".* FROM "eye_glasses"
Completed 200 OK in 32ms (Views: 3.3ms | ActiveRecord: 1.3ms)


Started GET "/clients.json" for 127.0.0.1 at Tue Mar 29 21:19:58 -0700 2011
  Processing by ClientsController#index as JSON
  [1m[36mClient Load (0.8ms)[0m  [1mSELECT "clients".* FROM "clients"[0m
  [1m[35mEyeGlass Load (0.4ms)[0m  SELECT "eye_glasses".* FROM "eye_glasses"
Completed 200 OK in 104ms (Views: 3.5ms | ActiveRecord: 1.2ms)


Started GET "/clients.json" for 127.0.0.1 at Tue Mar 29 21:20:03 -0700 2011
  Processing by ClientsController#index as JSON
  [1m[36mClient Load (0.8ms)[0m  [1mSELECT "clients".* FROM "clients"[0m
  [1m[35mEyeGlass Load (0.4ms)[0m  SELECT "eye_glasses".* FROM "eye_glasses"
Completed 200 OK in 35ms (Views: 3.3ms | ActiveRecord: 1.3ms)


Started GET "/clients" for 127.0.0.1 at Tue Mar 29 21:20:03 -0700 2011
  Processing by ClientsController#index as 
  [1m[36mClient Load (0.9ms)[0m  [1mSELECT "clients".* FROM "clients"[0m
  [1m[35mEyeGlass Load (0.4ms)[0m  SELECT "eye_glasses".* FROM "eye_glasses"
Rendered clients/index.html.erb within layouts/application (8.4ms)
Completed 200 OK in 37ms (Views: 16.5ms | ActiveRecord: 1.3ms)


Started GET "/clients.json" for 127.0.0.1 at Tue Mar 29 21:20:05 -0700 2011
  Processing by ClientsController#index as JSON
  [1m[36mClient Load (0.8ms)[0m  [1mSELECT "clients".* FROM "clients"[0m
  [1m[35mEyeGlass Load (0.4ms)[0m  SELECT "eye_glasses".* FROM "eye_glasses"
Completed 200 OK in 32ms (Views: 3.3ms | ActiveRecord: 1.2ms)


Started GET "/" for 127.0.0.1 at Wed Mar 30 15:45:57 -0700 2011
  Processing by WelcomeController#index as HTML
Rendered welcome/index.html.erb within layouts/application (2.5ms)
Completed 200 OK in 14ms (Views: 13.6ms | ActiveRecord: 0.0ms)


Started GET "/clients" for 127.0.0.1 at Wed Mar 30 15:46:01 -0700 2011
  Processing by ClientsController#index as HTML
  [1m[36mClient Load (2.6ms)[0m  [1mSELECT "clients".* FROM "clients"[0m
  [1m[35mEyeGlass Load (0.8ms)[0m  SELECT "eye_glasses".* FROM "eye_glasses"
Rendered clients/index.html.erb within layouts/application (10.5ms)
Completed 200 OK in 146ms (Views: 19.8ms | ActiveRecord: 3.4ms)


Started GET "/clients" for 127.0.0.1 at Wed Mar 30 15:46:01 -0700 2011
  Processing by ClientsController#index as 
  [1m[36mClient Load (2.1ms)[0m  [1mSELECT "clients".* FROM "clients"[0m
  [1m[35mEyeGlass Load (0.4ms)[0m  SELECT "eye_glasses".* FROM "eye_glasses"
Rendered clients/index.html.erb within layouts/application (15.5ms)
Completed 200 OK in 64ms (Views: 31.4ms | ActiveRecord: 2.6ms)


Started GET "/clients.json" for 127.0.0.1 at Wed Mar 30 15:46:03 -0700 2011
  Processing by ClientsController#index as JSON
  [1m[36mClient Load (0.9ms)[0m  [1mSELECT "clients".* FROM "clients"[0m
  [1m[35mEyeGlass Load (0.5ms)[0m  SELECT "eye_glasses".* FROM "eye_glasses"
Completed 200 OK in 42ms (Views: 3.6ms | ActiveRecord: 1.3ms)


Started GET "/clients.json" for 127.0.0.1 at Wed Mar 30 15:46:04 -0700 2011
  Processing by ClientsController#index as JSON
  [1m[36mClient Load (0.9ms)[0m  [1mSELECT "clients".* FROM "clients"[0m
  [1m[35mEyeGlass Load (0.4ms)[0m  SELECT "eye_glasses".* FROM "eye_glasses"
Completed 200 OK in 37ms (Views: 3.3ms | ActiveRecord: 1.3ms)
